
*** Running vivado
    with args -log top_module.vds -m64 -product Vivado -mode batch -messageDb vivado.pb -notrace -source top_module.tcl


****** Vivado v2018.2 (64-bit)
  **** SW Build 2258646 on Thu Jun 14 20:03:12 MDT 2018
  **** IP Build 2256618 on Thu Jun 14 22:10:49 MDT 2018
    ** Copyright 1986-2018 Xilinx, Inc. All Rights Reserved.

source top_module.tcl -notrace
Command: synth_design -top top_module -part xc7a35ticpg236-1L
Starting synth_design
Attempting to get a license for feature 'Synthesis' and/or device 'xc7a35ti'
INFO: [Common 17-349] Got license for feature 'Synthesis' and/or device 'xc7a35ti'
INFO: Launching helper process for spawning children vivado processes
INFO: Helper process launched with PID 4280 
---------------------------------------------------------------------------------
Starting RTL Elaboration : Time (s): cpu = 00:00:02 ; elapsed = 00:00:02 . Memory (MB): peak = 356.250 ; gain = 99.016
---------------------------------------------------------------------------------
INFO: [Synth 8-6157] synthesizing module 'top_module' [E:/Drive/Workspace/Vivado/Assignment_4/Assignment_4.srcs/sources_1/new/top_module.v:23]
INFO: [Synth 8-6157] synthesizing module 'divide' [E:/Drive/Workspace/Vivado/Assignment_4/Assignment_4.srcs/sources_1/new/divide.v:23]
INFO: [Synth 8-6155] done synthesizing module 'divide' (1#1) [E:/Drive/Workspace/Vivado/Assignment_4/Assignment_4.srcs/sources_1/new/divide.v:23]
INFO: [Synth 8-6157] synthesizing module 'counter' [E:/Drive/Workspace/Vivado/Assignment_4/Assignment_4.srcs/sources_1/new/counter.v:23]
INFO: [Synth 8-6155] done synthesizing module 'counter' (2#1) [E:/Drive/Workspace/Vivado/Assignment_4/Assignment_4.srcs/sources_1/new/counter.v:23]
INFO: [Synth 8-6157] synthesizing module 'bcdto7seg' [E:/Drive/Workspace/Vivado/Assignment_4/Assignment_4.srcs/sources_1/new/bcdto7seg.v:23]
INFO: [Synth 8-6155] done synthesizing module 'bcdto7seg' (3#1) [E:/Drive/Workspace/Vivado/Assignment_4/Assignment_4.srcs/sources_1/new/bcdto7seg.v:23]
INFO: [Synth 8-6155] done synthesizing module 'top_module' (4#1) [E:/Drive/Workspace/Vivado/Assignment_4/Assignment_4.srcs/sources_1/new/top_module.v:23]
---------------------------------------------------------------------------------
Finished RTL Elaboration : Time (s): cpu = 00:00:03 ; elapsed = 00:00:03 . Memory (MB): peak = 411.355 ; gain = 154.121
---------------------------------------------------------------------------------

Report Check Netlist: 
+------+------------------+-------+---------+-------+------------------+
|      |Item              |Errors |Warnings |Status |Description       |
+------+------------------+-------+---------+-------+------------------+
|1     |multi_driven_nets |      0|        0|Passed |Multi driven nets |
+------+------------------+-------+---------+-------+------------------+
---------------------------------------------------------------------------------
Start Handling Custom Attributes
---------------------------------------------------------------------------------
---------------------------------------------------------------------------------
Finished Handling Custom Attributes : Time (s): cpu = 00:00:03 ; elapsed = 00:00:03 . Memory (MB): peak = 411.355 ; gain = 154.121
---------------------------------------------------------------------------------
---------------------------------------------------------------------------------
Finished RTL Optimization Phase 1 : Time (s): cpu = 00:00:03 ; elapsed = 00:00:03 . Memory (MB): peak = 411.355 ; gain = 154.121
---------------------------------------------------------------------------------
INFO: [Device 21-403] Loading part xc7a35ticpg236-1L
INFO: [Project 1-570] Preparing netlist for logic optimization

Processing XDC Constraints
Initializing timing engine
Parsing XDC File [E:/Drive/Workspace/Vivado/Assignment_4/Assignment_4.srcs/constrs_1/new/Basys3_master.xdc]
Finished Parsing XDC File [E:/Drive/Workspace/Vivado/Assignment_4/Assignment_4.srcs/constrs_1/new/Basys3_master.xdc]
INFO: [Project 1-236] Implementation specific constraints were found while reading constraint file [E:/Drive/Workspace/Vivado/Assignment_4/Assignment_4.srcs/constrs_1/new/Basys3_master.xdc]. These constraints will be ignored for synthesis but will be used in implementation. Impacted constraints are listed in the file [.Xil/top_module_propImpl.xdc].
Resolution: To avoid this warning, move constraints listed in [.Xil/top_module_propImpl.xdc] to another XDC file and exclude this new file from synthesis with the used_in_synthesis property (File Properties dialog in GUI) and re-run elaboration/synthesis.
Completed Processing XDC Constraints

INFO: [Project 1-111] Unisim Transformation Summary:
No Unisim elements were transformed.

Constraint Validation Runtime : Time (s): cpu = 00:00:00 ; elapsed = 00:00:00.006 . Memory (MB): peak = 720.949 ; gain = 0.000
---------------------------------------------------------------------------------
Finished Constraint Validation : Time (s): cpu = 00:00:10 ; elapsed = 00:00:11 . Memory (MB): peak = 720.949 ; gain = 463.715
---------------------------------------------------------------------------------
---------------------------------------------------------------------------------
Start Loading Part and Timing Information
---------------------------------------------------------------------------------
Loading part: xc7a35ticpg236-1L
---------------------------------------------------------------------------------
Finished Loading Part and Timing Information : Time (s): cpu = 00:00:10 ; elapsed = 00:00:11 . Memory (MB): peak = 720.949 ; gain = 463.715
---------------------------------------------------------------------------------
---------------------------------------------------------------------------------
Start Applying 'set_property' XDC Constraints
---------------------------------------------------------------------------------
---------------------------------------------------------------------------------
Finished applying 'set_property' XDC Constraints : Time (s): cpu = 00:00:10 ; elapsed = 00:00:11 . Memory (MB): peak = 720.949 ; gain = 463.715
---------------------------------------------------------------------------------
INFO: [Synth 8-5545] ROM "elapsed" won't be mapped to RAM because address size (28) is larger than maximum supported(25)
INFO: [Synth 8-5544] ROM "c" won't be mapped to Block RAM because address size (4) smaller than threshold (5)
---------------------------------------------------------------------------------
Finished RTL Optimization Phase 2 : Time (s): cpu = 00:00:10 ; elapsed = 00:00:12 . Memory (MB): peak = 720.949 ; gain = 463.715
---------------------------------------------------------------------------------

Report RTL Partitions: 
+-+--------------+------------+----------+
| |RTL Partition |Replication |Instances |
+-+--------------+------------+----------+
+-+--------------+------------+----------+
---------------------------------------------------------------------------------
Start RTL Component Statistics 
---------------------------------------------------------------------------------
Detailed RTL Component Info : 
+---Adders : 
	   2 Input     28 Bit       Adders := 1     
	   2 Input      6 Bit       Adders := 1     
+---Registers : 
	               28 Bit    Registers := 1     
	                6 Bit    Registers := 1     
+---Muxes : 
	   2 Input     28 Bit        Muxes := 1     
	   2 Input      6 Bit        Muxes := 1     
	   4 Input      4 Bit        Muxes := 2     
	   2 Input      2 Bit        Muxes := 7     
	   2 Input      1 Bit        Muxes := 1     
---------------------------------------------------------------------------------
Finished RTL Component Statistics 
---------------------------------------------------------------------------------
---------------------------------------------------------------------------------
Start RTL Hierarchical Component Statistics 
---------------------------------------------------------------------------------
Hierarchical RTL Component report 
Module top_module 
Detailed RTL Component Info : 
+---Muxes : 
	   4 Input      4 Bit        Muxes := 2     
Module divide 
Detailed RTL Component Info : 
+---Adders : 
	   2 Input     28 Bit       Adders := 1     
+---Registers : 
	               28 Bit    Registers := 1     
+---Muxes : 
	   2 Input     28 Bit        Muxes := 1     
	   2 Input      1 Bit        Muxes := 1     
Module counter 
Detailed RTL Component Info : 
+---Adders : 
	   2 Input      6 Bit       Adders := 1     
+---Registers : 
	                6 Bit    Registers := 1     
+---Muxes : 
	   2 Input      6 Bit        Muxes := 1     
Module bcdto7seg 
Detailed RTL Component Info : 
+---Muxes : 
	   2 Input      2 Bit        Muxes := 7     
---------------------------------------------------------------------------------
Finished RTL Hierarchical Component Statistics
---------------------------------------------------------------------------------
---------------------------------------------------------------------------------
Start Part Resource Summary
---------------------------------------------------------------------------------
Part Resources:
DSPs: 90 (col length:60)
BRAMs: 100 (col length: RAMB18 60 RAMB36 30)
---------------------------------------------------------------------------------
Finished Part Resource Summary
---------------------------------------------------------------------------------
---------------------------------------------------------------------------------
Start Cross Boundary and Area Optimization
---------------------------------------------------------------------------------
Warning: Parallel synthesis criteria is not met 
INFO: [Synth 8-5545] ROM "nolabel_line33/elapsed" won't be mapped to RAM because address size (28) is larger than maximum supported(25)
WARNING: [Synth 8-3917] design top_module has port ano[3] driven by constant 1
WARNING: [Synth 8-3917] design top_module has port ano[2] driven by constant 1
---------------------------------------------------------------------------------
Finished Cross Boundary and Area Optimization : Time (s): cpu = 00:00:11 ; elapsed = 00:00:13 . Memory (MB): peak = 720.949 ; gain = 463.715
---------------------------------------------------------------------------------

Report RTL Partitions: 
+-+--------------+------------+----------+
| |RTL Partition |Replication |Instances |
+-+--------------+------------+----------+
+-+--------------+------------+----------+
---------------------------------------------------------------------------------
Start Applying XDC Timing Constraints
---------------------------------------------------------------------------------
---------------------------------------------------------------------------------
Finished Applying XDC Timing Constraints : Time (s): cpu = 00:00:19 ; elapsed = 00:00:21 . Memory (MB): peak = 728.867 ; gain = 471.633
---------------------------------------------------------------------------------
---------------------------------------------------------------------------------
Start Timing Optimization
---------------------------------------------------------------------------------
---------------------------------------------------------------------------------
Finished Timing Optimization : Time (s): cpu = 00:00:19 ; elapsed = 00:00:22 . Memory (MB): peak = 751.516 ; gain = 494.281
---------------------------------------------------------------------------------

Report RTL Partitions: 
+-+--------------+------------+----------+
| |RTL Partition |Replication |Instances |
+-+--------------+------------+----------+
+-+--------------+------------+----------+
---------------------------------------------------------------------------------
Start Technology Mapping
---------------------------------------------------------------------------------
---------------------------------------------------------------------------------
Finished Technology Mapping : Time (s): cpu = 00:00:19 ; elapsed = 00:00:22 . Memory (MB): peak = 751.516 ; gain = 494.281
---------------------------------------------------------------------------------

Report RTL Partitions: 
+-+--------------+------------+----------+
| |RTL Partition |Replication |Instances |
+-+--------------+------------+----------+
+-+--------------+------------+----------+
---------------------------------------------------------------------------------
Start IO Insertion
---------------------------------------------------------------------------------
---------------------------------------------------------------------------------
Start Flattening Before IO Insertion
---------------------------------------------------------------------------------
---------------------------------------------------------------------------------
Finished Flattening Before IO Insertion
---------------------------------------------------------------------------------
---------------------------------------------------------------------------------
Start Final Netlist Cleanup
---------------------------------------------------------------------------------
---------------------------------------------------------------------------------
Finished Final Netlist Cleanup
---------------------------------------------------------------------------------
---------------------------------------------------------------------------------
Finished IO Insertion : Time (s): cpu = 00:00:20 ; elapsed = 00:00:23 . Memory (MB): peak = 751.516 ; gain = 494.281
---------------------------------------------------------------------------------

Report Check Netlist: 
+------+------------------+-------+---------+-------+------------------+
|      |Item              |Errors |Warnings |Status |Description       |
+------+------------------+-------+---------+-------+------------------+
|1     |multi_driven_nets |      0|        0|Passed |Multi driven nets |
+------+------------------+-------+---------+-------+------------------+
---------------------------------------------------------------------------------
Start Renaming Generated Instances
---------------------------------------------------------------------------------
---------------------------------------------------------------------------------
Finished Renaming Generated Instances : Time (s): cpu = 00:00:20 ; elapsed = 00:00:23 . Memory (MB): peak = 751.516 ; gain = 494.281
---------------------------------------------------------------------------------

Report RTL Partitions: 
+-+--------------+------------+----------+
| |RTL Partition |Replication |Instances |
+-+--------------+------------+----------+
+-+--------------+------------+----------+
---------------------------------------------------------------------------------
Start Rebuilding User Hierarchy
---------------------------------------------------------------------------------
---------------------------------------------------------------------------------
Finished Rebuilding User Hierarchy : Time (s): cpu = 00:00:20 ; elapsed = 00:00:23 . Memory (MB): peak = 751.516 ; gain = 494.281
---------------------------------------------------------------------------------
---------------------------------------------------------------------------------
Start Renaming Generated Ports
---------------------------------------------------------------------------------
---------------------------------------------------------------------------------
Finished Renaming Generated Ports : Time (s): cpu = 00:00:20 ; elapsed = 00:00:23 . Memory (MB): peak = 751.516 ; gain = 494.281
---------------------------------------------------------------------------------
---------------------------------------------------------------------------------
Start Handling Custom Attributes
---------------------------------------------------------------------------------
---------------------------------------------------------------------------------
Finished Handling Custom Attributes : Time (s): cpu = 00:00:20 ; elapsed = 00:00:23 . Memory (MB): peak = 751.516 ; gain = 494.281
---------------------------------------------------------------------------------
---------------------------------------------------------------------------------
Start Renaming Generated Nets
---------------------------------------------------------------------------------
---------------------------------------------------------------------------------
Finished Renaming Generated Nets : Time (s): cpu = 00:00:20 ; elapsed = 00:00:23 . Memory (MB): peak = 751.516 ; gain = 494.281
---------------------------------------------------------------------------------
---------------------------------------------------------------------------------
Start Writing Synthesis Report
---------------------------------------------------------------------------------

Report BlackBoxes: 
+-+--------------+----------+
| |BlackBox name |Instances |
+-+--------------+----------+
+-+--------------+----------+

Report Cell Usage: 
+------+-------+------+
|      |Cell   |Count |
+------+-------+------+
|1     |BUFG   |     2|
|2     |CARRY4 |    12|
|3     |LUT1   |     2|
|4     |LUT2   |     5|
|5     |LUT3   |     5|
|6     |LUT4   |    12|
|7     |LUT5   |     5|
|8     |LUT6   |     6|
|9     |FDCE   |     6|
|10    |FDRE   |    48|
|11    |IBUF   |     2|
|12    |OBUF   |    11|
+------+-------+------+

Report Instance Areas: 
+------+-----------------+--------+------+
|      |Instance         |Module  |Cells |
+------+-----------------+--------+------+
|1     |top              |        |   116|
|2     |  nolabel_line33 |divide  |    44|
|3     |  nolabel_line34 |counter |    28|
+------+-----------------+--------+------+
---------------------------------------------------------------------------------
Finished Writing Synthesis Report : Time (s): cpu = 00:00:20 ; elapsed = 00:00:23 . Memory (MB): peak = 751.516 ; gain = 494.281
---------------------------------------------------------------------------------
Synthesis finished with 0 errors, 0 critical warnings and 2 warnings.
Synthesis Optimization Runtime : Time (s): cpu = 00:00:12 ; elapsed = 00:00:16 . Memory (MB): peak = 751.516 ; gain = 184.688
Synthesis Optimization Complete : Time (s): cpu = 00:00:20 ; elapsed = 00:00:23 . Memory (MB): peak = 751.516 ; gain = 494.281
INFO: [Project 1-571] Translating synthesized netlist
INFO: [Netlist 29-17] Analyzing 14 Unisim elements for replacement
INFO: [Netlist 29-28] Unisim Transformation completed in 0 CPU seconds
INFO: [Project 1-570] Preparing netlist for logic optimization
INFO: [Opt 31-138] Pushed 0 inverter(s) to 0 load pin(s).
INFO: [Project 1-111] Unisim Transformation Summary:
No Unisim elements were transformed.

INFO: [Common 17-83] Releasing license: Synthesis
23 Infos, 2 Warnings, 0 Critical Warnings and 0 Errors encountered.
synth_design completed successfully
synth_design: Time (s): cpu = 00:00:22 ; elapsed = 00:00:25 . Memory (MB): peak = 751.516 ; gain = 507.102
WARNING: [Constraints 18-5210] No constraint will be written out.
INFO: [Common 17-1381] The checkpoint 'E:/Drive/Workspace/Vivado/Assignment_4/Assignment_4.runs/synth_1/top_module.dcp' has been generated.
INFO: [runtcl-4] Executing : report_utilization -file top_module_utilization_synth.rpt -pb top_module_utilization_synth.pb
report_utilization: Time (s): cpu = 00:00:00 ; elapsed = 00:00:00.025 . Memory (MB): peak = 751.516 ; gain = 0.000
INFO: [Common 17-206] Exiting Vivado at Wed Nov 21 23:51:44 2018...
