Copyright 1986-2018 Xilinx, Inc. All Rights Reserved.
---------------------------------------------------------------------------------------
| Tool Version : Vivado v.2018.2 (win64) Build 2258646 Thu Jun 14 20:03:12 MDT 2018
| Date         : Fri Nov  9 11:43:12 2018
| Host         : nitpum running 64-bit major release  (build 9200)
| Command      : report_control_sets -verbose -file top_module_control_sets_placed.rpt
| Design       : top_module
| Device       : xc7a35ti
---------------------------------------------------------------------------------------

Control Set Information

Table of Contents
-----------------
1. Summary
2. Histogram
3. Flip-Flop Distribution
4. Detailed Control Set Information

1. Summary
----------

+----------------------------------------------------------+-------+
|                          Status                          | Count |
+----------------------------------------------------------+-------+
| Number of unique control sets                            |     3 |
| Unused register locations in slices containing registers |     8 |
+----------------------------------------------------------+-------+


2. Histogram
------------

+--------+--------------+
| Fanout | Control Sets |
+--------+--------------+
|      2 |            1 |
|      8 |            1 |
|    16+ |            1 |
+--------+--------------+


3. Flip-Flop Distribution
-------------------------

+--------------+-----------------------+------------------------+-----------------+--------------+
| Clock Enable | Synchronous Set/Reset | Asynchronous Set/Reset | Total Registers | Total Slices |
+--------------+-----------------------+------------------------+-----------------+--------------+
| No           | No                    | No                     |               2 |            1 |
| No           | No                    | Yes                    |               8 |            1 |
| No           | Yes                   | No                     |              54 |            7 |
| Yes          | No                    | No                     |               0 |            0 |
| Yes          | No                    | Yes                    |               0 |            0 |
| Yes          | Yes                   | No                     |               0 |            0 |
+--------------+-----------------------+------------------------+-----------------+--------------+


4. Detailed Control Set Information
-----------------------------------

+--------------------------------+---------------+-------------------------------+------------------+----------------+
|          Clock Signal          | Enable Signal |        Set/Reset Signal       | Slice Load Count | Bel Load Count |
+--------------------------------+---------------+-------------------------------+------------------+----------------+
|  clk_IBUF_BUFG                 |               |                               |                1 |              2 |
|  nolabel_line29/state_reg[1]_0 |               | nolabel_line30/led[3]_i_2_n_0 |                1 |              8 |
|  clk_IBUF_BUFG                 |               | nolabel_line29/state_reg[1]_0 |                7 |             54 |
+--------------------------------+---------------+-------------------------------+------------------+----------------+


